04-19-2021 @ 22:27:39 - 3.0.15 upgrade complete from Subscriptions v3.0.13 while WooCommerce WC_VERSION 5.1.0 and database version 5.1.0 was active.
04-19-2021 @ 22:27:39 - Environment info:
04-19-2021 @ 22:27:39 -     WordPress Version : 5.6
04-19-2021 @ 22:27:39 - Active Plugins:
04-19-2021 @ 22:27:39 -     Gravity Forms by Gravity Forms – 2.4.24
04-19-2021 @ 22:27:39 -     Advanced Custom Fields: Gravityforms Add-on by Danny van Holten – 1.2.7
04-19-2021 @ 22:27:39 -     Advanced Custom Fields PRO by Elliot Condon – 5.9.3
04-19-2021 @ 22:27:39 -     Ajax Search Lite by Ernest Marcinko – 4.9.2
04-19-2021 @ 22:27:39 -     Better Search Replace by Delicious Brains – 1.3.4
04-19-2021 @ 22:27:39 -     Classic Editor by WordPress Contributors – 1.6
04-19-2021 @ 22:27:39 -     Custom Post Type UI by WebDevStudios – 1.9.0
04-19-2021 @ 22:27:39 -     DreamHost Panel Login by DreamHost, danielbachhuber – 1.0.0
04-19-2021 @ 22:27:39 -     GDPR Cookie Compliance (CCPA, PIPEDA ready) by Moove Agency – 4.5.2
04-19-2021 @ 22:27:39 -     Site Kit by Google by Google – 1.30.0
04-19-2021 @ 22:27:39 -     Gravity Forms Mailchimp Add-On by Gravity Forms – 4.8
04-19-2021 @ 22:27:39 -     Gravity Forms User Registration Add-On by Gravity Forms – 4.7
04-19-2021 @ 22:27:39 -     SVG Support by Benbodhi – 2.3.18
04-19-2021 @ 22:27:39 -     Ultimate Member by Ultimate Member – 2.1.16
04-19-2021 @ 22:27:39 -     Ultimate Member - Private Messages by Ultimate Member – 2.3.0
04-19-2021 @ 22:27:39 -     Ultimate Member - Profile Completeness by Ultimate Member – 2.1.8
04-19-2021 @ 22:27:39 -     Ultimate Member - Profile tabs by Ultimate Member – 1.0.2
04-19-2021 @ 22:27:39 -     Ultimate Member - reCAPTCHA by Ultimate Member – 2.1.8
04-19-2021 @ 22:27:39 -     Ultimate Member - Social Login by Ultimate Member – 2.3.9
04-19-2021 @ 22:27:39 -     Ultimate Member - WooCommerce by Ultimate Member – 2.2.6
04-19-2021 @ 22:27:39 -     WebP Express by Bjørn Rosell – 0.19.0
04-19-2021 @ 22:27:39 -     WooCommerce Stripe Gateway by WooCommerce – 5.1.0
04-19-2021 @ 22:27:39 -     WOOF - WooCommerce Products Filter by realmag777 – 1.2.5.3
04-19-2021 @ 22:27:39 -     WooCommerce Subscriptions by WooCommerce – 3.0.15
04-19-2021 @ 22:27:39 -     WooCommerce by Automattic – 5.1.0
04-19-2021 @ 22:27:39 -     Yoast SEO by Team Yoast – 16.0.2
04-19-2021 @ 22:27:39 -     WP Mail SMTP by WPForms – 2.7.0
04-19-2021 @ 22:27:39 -     WP Engine Automated Migration by WPEngine – 4.55
04-19-2021 @ 22:27:39 -     Smush by WPMU DEV – 3.8.4
